<?xml version="1.0" encoding="UTF-8"?>
<!-- Generated by org.testng.reporters.JUnitReportReporter -->
<testsuite hostname="QSP" failures="0" tests="1" name="com.skillrary.rmgyantra.sripts.AddingSingleProjectwithOngoingstatus" time="0.234" errors="0" timestamp="2021-09-26T10:04:58 IST" skipped="0">
  <testcase classname="com.skillrary.rmgyantra.sripts.AddingSingleProjectwithOngoingstatus" name="onGoing" time="0.234"/>
  <system-out/>
</testsuite> <!-- com.skillrary.rmgyantra.sripts.AddingSingleProjectwithOngoingstatus -->
