<?xml version="1.0" encoding="UTF-8"?>
<!-- Generated by org.testng.reporters.JUnitReportReporter -->
<testsuite hostname="QSP" failures="0" tests="1" name="com.skillrary.rmgyantra.sripts.AddingSingleProjectwithOngoingstatus" time="0.293" errors="0" timestamp="2021-10-02T09:06:32 IST" skipped="0">
  <testcase classname="com.skillrary.rmgyantra.sripts.AddingSingleProjectwithOngoingstatus" name="onGoing" time="0.293"/>
  <system-out/>
</testsuite> <!-- com.skillrary.rmgyantra.sripts.AddingSingleProjectwithOngoingstatus -->
