<?xml version="1.0" encoding="UTF-8"?>
<!-- Generated by org.testng.reporters.JUnitReportReporter -->
<testsuite hostname="QSP" failures="0" tests="1" name="com.skillrary.rmgyantra.sripts.AddingSingleProjectwithcompletedstatus" time="9.035" errors="0" timestamp="2021-10-02T09:06:32 IST" skipped="0">
  <testcase classname="com.skillrary.rmgyantra.sripts.AddingSingleProjectwithcompletedstatus" name="completed" time="9.035"/>
  <system-out/>
</testsuite> <!-- com.skillrary.rmgyantra.sripts.AddingSingleProjectwithcompletedstatus -->
