<?xml version="1.0" encoding="UTF-8"?>
<!-- Generated by org.testng.reporters.JUnitReportReporter -->
<testsuite hostname="QSP" failures="0" tests="1" name="com.skillrary.rmgyantra.sripts.AddingSingleProjectwithcompletedstatus" time="5.368" errors="0" timestamp="2021-09-26T10:04:58 IST" skipped="0">
  <testcase classname="com.skillrary.rmgyantra.sripts.AddingSingleProjectwithcompletedstatus" name="completed" time="5.368"/>
  <system-out/>
</testsuite> <!-- com.skillrary.rmgyantra.sripts.AddingSingleProjectwithcompletedstatus -->
