<?xml version="1.0" encoding="UTF-8"?>
<!-- Generated by org.testng.reporters.JUnitReportReporter -->
<testsuite hostname="QSP" failures="0" tests="1" name="com.skillrary.rmgyantra.sripts.AddingSingleprojectwithcreatedstatus" time="0.226" errors="0" timestamp="2021-09-26T10:04:58 IST" skipped="0">
  <testcase classname="com.skillrary.rmgyantra.sripts.AddingSingleprojectwithcreatedstatus" name="createStatus" time="0.226"/>
  <system-out/>
</testsuite> <!-- com.skillrary.rmgyantra.sripts.AddingSingleprojectwithcreatedstatus -->
